{"name": "test_checkout", "status": "broken", "statusDetails": {"message": "selenium.common.exceptions.NoSuchElementException: Message: no such element: Unable to locate element: {\"method\":\"css selector\",\"selector\":\"[id=\"finish\"]\"}\n  (Session info: chrome=138.0.7204.184); For documentation on this error, please visit: https://www.selenium.dev/documentation/webdriver/troubleshooting/errors#nosuchelementexception\nStacktrace:\n\tGetHandleVerifier [0x0x75ba83+63395]\n\tGetHandleVerifier [0x0x75bac4+63460]\n\t(No symbol) [0x0x5a2113]\n\t(No symbol) [0x0x5ea85e]\n\t(No symbol) [0x0x5eabfb]\n\t(No symbol) [0x0x632f92]\n\t(No symbol) [0x0x60f3f4]\n\t(No symbol) [0x0x6307ba]\n\t(No symbol) [0x0x60f1a6]\n\t(No symbol) [0x0x5de7b2]\n\t(No symbol) [0x0x5df654]\n\tGetHandleVerifier [0x0x9d8883+2672035]\n\tGetHandleVerifier [0x0x9d3cba+2652634]\n\tGetHandleVerifier [0x0x782bca+223466]\n\tGetHandleVerifier [0x0x772cb8+158168]\n\tGetHandleVerifier [0x0x77978d+185517]\n\tGetHandleVerifier [0x0x763b78+96408]\n\tGetHandleVerifier [0x0x763d02+96802]\n\tGetHandleVerifier [0x0x74e90a+9770]\n\tBaseThreadInitThunk [0x0x7580fcc9+25]\n\tRtlGetAppContainerNamedObjectPath [0x0x779682ae+286]\n\tRtlGetAppContainerNamedObjectPath [0x0x7796827e+238]", "trace": "def test_checkout():\n        options = webdriver.ChromeOptions()\n        driver = webdriver.Chrome(service=Service(ChromeDriverManager().install()), options=options)\n    \n        # Step 1: Open site\n        driver.get(\"https://www.saucedemo.com/\")\n    \n        # Step 2: Login\n        driver.find_element(By.ID, \"user-name\").send_keys(\"standard_user\")\n        driver.find_element(By.ID, \"password\").send_keys(\"secret_sauce\")\n        driver.find_element(By.ID, \"login-button\").click()\n    \n        # Step 3: Add first item to cart\n        driver.find_element(By.CSS_SELECTOR, \".inventory_item button\").click()\n    \n        # Step 4: Go to cart\n        driver.find_element(By.CLASS_NAME, \"shopping_cart_link\").click()\n    \n        # Step 5: Click checkout\n        driver.find_element(By.ID, \"checkout\").click()\n    \n        # Step 6: Enter checkout info\n        driver.find_element(By.ID, \"first-name\").send_keys(\"John\")\n        driver.find_element(By.ID, \"last-name\").send_keys(\"Doe\")\n        driver.find_element(By.ID, \"postal-code\").send_keys(\"12345\")\n        driver.find_element(By.ID, \"continue\").click()\n    \n        # Step 7: Finish order\n>       driver.find_element(By.ID, \"finish\").click()\n        ^^^^^^^^^^^^^^^^^^^^^^^^^^^^^^^^^^^^\n\ntest_checkout.py:34: \n_ _ _ _ _ _ _ _ _ _ _ _ _ _ _ _ _ _ _ _ _ _ _ _ _ _ _ _ _ _ _ _ _ _ _ _ _ _ _ _\n..\\..\\AppData\\Local\\Programs\\Python\\Python313\\Lib\\site-packages\\selenium\\webdriver\\remote\\webdriver.py:926: in find_element\n    return self.execute(Command.FIND_ELEMENT, {\"using\": by, \"value\": value})[\"value\"]\n           ^^^^^^^^^^^^^^^^^^^^^^^^^^^^^^^^^^^^^^^^^^^^^^^^^^^^^^^^^^^^^^^^^\n..\\..\\AppData\\Local\\Programs\\Python\\Python313\\Lib\\site-packages\\selenium\\webdriver\\remote\\webdriver.py:458: in execute\n    self.error_handler.check_response(response)\n_ _ _ _ _ _ _ _ _ _ _ _ _ _ _ _ _ _ _ _ _ _ _ _ _ _ _ _ _ _ _ _ _ _ _ _ _ _ _ _\n\nself = <selenium.webdriver.remote.errorhandler.ErrorHandler object at 0x0000021908A74050>\nresponse = {'status': 404, 'value': '{\"value\":{\"error\":\"no such element\",\"message\":\"no such element: Unable to locate element: {\\...tRtlGetAppContainerNamedObjectPath [0x0x779682ae+286]\\\\n\\\\tRtlGetAppContainerNamedObjectPath [0x0x7796827e+238]\\\\n\"}}'}\n\n    def check_response(self, response: dict[str, Any]) -> None:\n        \"\"\"Checks that a JSON response from the WebDriver does not have an\n        error.\n    \n        :Args:\n         - response - The JSON response from the WebDriver server as a dictionary\n           object.\n    \n        :Raises: If the response contains an error message.\n        \"\"\"\n        status = response.get(\"status\", None)\n        if not status or status == ErrorCode.SUCCESS:\n            return\n        value = None\n        message = response.get(\"message\", \"\")\n        screen: str = response.get(\"screen\", \"\")\n        stacktrace = None\n        if isinstance(status, int):\n            value_json = response.get(\"value\", None)\n            if value_json and isinstance(value_json, str):\n                try:\n                    value = json.loads(value_json)\n                    if isinstance(value, dict):\n                        if len(value) == 1:\n                            value = value[\"value\"]\n                        status = value.get(\"error\", None)\n                        if not status:\n                            status = value.get(\"status\", ErrorCode.UNKNOWN_ERROR)\n                            message = value.get(\"value\") or value.get(\"message\")\n                            if not isinstance(message, str):\n                                value = message\n                                message = message.get(\"message\")\n                        else:\n                            message = value.get(\"message\", None)\n                except ValueError:\n                    pass\n    \n        exception_class: type[WebDriverException]\n        e = ErrorCode()\n        error_codes = [item for item in dir(e) if not item.startswith(\"__\")]\n        for error_code in error_codes:\n            error_info = getattr(ErrorCode, error_code)\n            if isinstance(error_info, list) and status in error_info:\n                exception_class = getattr(ExceptionMapping, error_code, WebDriverException)\n                break\n        else:\n            exception_class = WebDriverException\n    \n        if not value:\n            value = response[\"value\"]\n        if isinstance(value, str):\n            raise exception_class(value)\n        if message == \"\" and \"message\" in value:\n            message = value[\"message\"]\n    \n        screen = None  # type: ignore[assignment]\n        if \"screen\" in value:\n            screen = value[\"screen\"]\n    \n        stacktrace = None\n        st_value = value.get(\"stackTrace\") or value.get(\"stacktrace\")\n        if st_value:\n            if isinstance(st_value, str):\n                stacktrace = st_value.split(\"\\n\")\n            else:\n                stacktrace = []\n                try:\n                    for frame in st_value:\n                        line = frame.get(\"lineNumber\", \"\")\n                        file = frame.get(\"fileName\", \"<anonymous>\")\n                        if line:\n                            file = f\"{file}:{line}\"\n                        meth = frame.get(\"methodName\", \"<anonymous>\")\n                        if \"className\" in frame:\n                            meth = f\"{frame['className']}.{meth}\"\n                        msg = \"    at %s (%s)\"\n                        msg = msg % (meth, file)\n                        stacktrace.append(msg)\n                except TypeError:\n                    pass\n        if exception_class == UnexpectedAlertPresentException:\n            alert_text = None\n            if \"data\" in value:\n                alert_text = value[\"data\"].get(\"text\")\n            elif \"alert\" in value:\n                alert_text = value[\"alert\"].get(\"text\")\n            raise exception_class(message, screen, stacktrace, alert_text)  # type: ignore[call-arg]  # mypy is not smart enough here\n>       raise exception_class(message, screen, stacktrace)\nE       selenium.common.exceptions.NoSuchElementException: Message: no such element: Unable to locate element: {\"method\":\"css selector\",\"selector\":\"[id=\"finish\"]\"}\nE         (Session info: chrome=138.0.7204.184); For documentation on this error, please visit: https://www.selenium.dev/documentation/webdriver/troubleshooting/errors#nosuchelementexception\nE       Stacktrace:\nE       \tGetHandleVerifier [0x0x75ba83+63395]\nE       \tGetHandleVerifier [0x0x75bac4+63460]\nE       \t(No symbol) [0x0x5a2113]\nE       \t(No symbol) [0x0x5ea85e]\nE       \t(No symbol) [0x0x5eabfb]\nE       \t(No symbol) [0x0x632f92]\nE       \t(No symbol) [0x0x60f3f4]\nE       \t(No symbol) [0x0x6307ba]\nE       \t(No symbol) [0x0x60f1a6]\nE       \t(No symbol) [0x0x5de7b2]\nE       \t(No symbol) [0x0x5df654]\nE       \tGetHandleVerifier [0x0x9d8883+2672035]\nE       \tGetHandleVerifier [0x0x9d3cba+2652634]\nE       \tGetHandleVerifier [0x0x782bca+223466]\nE       \tGetHandleVerifier [0x0x772cb8+158168]\nE       \tGetHandleVerifier [0x0x77978d+185517]\nE       \tGetHandleVerifier [0x0x763b78+96408]\nE       \tGetHandleVerifier [0x0x763d02+96802]\nE       \tGetHandleVerifier [0x0x74e90a+9770]\nE       \tBaseThreadInitThunk [0x0x7580fcc9+25]\nE       \tRtlGetAppContainerNamedObjectPath [0x0x779682ae+286]\nE       \tRtlGetAppContainerNamedObjectPath [0x0x7796827e+238]\n\n..\\..\\AppData\\Local\\Programs\\Python\\Python313\\Lib\\site-packages\\selenium\\webdriver\\remote\\errorhandler.py:232: NoSuchElementException"}, "start": 1755014230843, "stop": 1755014243903, "uuid": "0486c28a-d6a6-4703-acde-2d26b698943c", "historyId": "e81c0bd4747389d357d1cffbc4433cbd", "testCaseId": "e81c0bd4747389d357d1cffbc4433cbd", "fullName": "test_checkout#test_checkout", "labels": [{"name": "suite", "value": "test_checkout"}, {"name": "host", "value": "DESKTOP-V2LG0UP"}, {"name": "thread", "value": "10348-MainThread"}, {"name": "framework", "value": "pytest"}, {"name": "language", "value": "cpython3"}, {"name": "package", "value": "test_checkout"}], "titlePath": ["test_checkout.py"]}